// 同步 ID: 745a91ef @ Tue Jul  7 09:04:44 UTC 2026
// 同步 ID: c9c505d0 @ Tue Jul  7 16:21:25 UTC 2026
// 同步 ID: 1b912f76 @ Tue Jul  7 17:34:52 UTC 2026
// 同步 ID: 453d8473 @ Thu Jul  9 06:28:02 UTC 2026
// 重构日志: 0bba61c1
// 重构日志: e18e94a4
// 重构日志: 76b27aad
// 同步 ID: 03119fb3 @ Sat Jul 11 15:43:51 UTC 2026
// 同步 ID: 2978bd77 @ Sun Jul 12 10:47:29 UTC 2026
// 重构日志: eae987d8
// 重构日志: 6c18016e
// 重构日志: 57dafce8
// 重构日志: 7e850b24
// 重构日志: 56898505
// 重构日志: 72612d90
// 重构日志: da6789dd
// 重构日志: 39de3a4d
// 重构日志: 2330a424
// 重构日志: 802dd823
// 重构日志: 7068983e
// 同步 ID: 305a7abf @ Thu Jul 16 15:10:01 UTC 2026
// 重构日志: d6c4e9d7
// 同步 ID: 03b8a5e2 @ Fri Jul 17 10:30:56 UTC 2026
// 同步 ID: 2d1dd72b @ Fri Jul 17 14:41:49 UTC 2026
// 同步 ID: dbde8558 @ Sat Jul 18 08:23:24 UTC 2026
// 同步 ID: d52307e1 @ Sat Jul 18 14:45:01 UTC 2026
// 重构日志: 4acfd165
// 重构日志: e828e59d
// 重构日志: 5f1b039b
// 同步 ID: 918cd8be @ Mon Jul 20 13:34:58 UTC 2026
